########### array before sorts ###########
0	0.000000	0.000000	203.434000	0.254000	n
1	203.434000	0.254000	202.926000	279.832000	n
2	202.926000	279.832000	-0.508000	279.578000	n
3	-0.508000	279.578000	0.000000	0.000000	n
Tolerance=0.050000.
*Exact match for i=0 and j=1.
*i point 0.000000	0.000000	203.434000	0.254000	y
*Exact match for i=1 and j=2.
*i point 203.434000	0.254000	202.926000	279.832000	y
*Exact match for i=2 and j=3.
*i point 202.926000	279.832000	-0.508000	279.578000	y
########### array after sorts ###########
0	0.000000	0.000000	203.434000	0.254000	y
1	203.434000	0.254000	202.926000	279.832000	y
2	202.926000	279.832000	-0.508000	279.578000	y
3	-0.508000	279.578000	0.000000	0.000000	y
***************
.BOARD_OUTLINE UNOWNED
1.6
0     0.000000     0.000000     0
0     203.434000     0.254000     0
0     202.926000     279.832000     0
0     -0.508000     279.578000     0
0     0.000000     0.000000     0
